<?xml version="1.0" encoding="UTF-8"?>
<testsuite name="day1.Day1KtTest" tests="1" skipped="0" failures="0" errors="0" timestamp="2020-12-03T20:22:35" hostname="SOLPF1BEWPS" time="0.026">
  <properties/>
  <testcase name="findProductForSum()" classname="day1.Day1KtTest" time="0.026"/>
  <system-out><![CDATA[]]></system-out>
  <system-err><![CDATA[]]></system-err>
</testsuite>
