<?xml version="1.0" encoding="UTF-8"?>
<testsuite name="day11.Day11KtTest" tests="1" skipped="0" failures="0" errors="0" timestamp="2020-12-11T10:17:42" hostname="SOLPF1BEWPS" time="0.049">
  <properties/>
  <testcase name="part2()" classname="day11.Day11KtTest" time="0.049"/>
  <system-out><![CDATA[]]></system-out>
  <system-err><![CDATA[]]></system-err>
</testsuite>
