<?xml version="1.0" encoding="UTF-8"?>
<testsuite name="day4.Day4KtTest" tests="1" skipped="0" failures="0" errors="0" timestamp="2020-12-04T13:56:35" hostname="SOLPF1BEWPS" time="0.033">
  <properties/>
  <testcase name="countValidPassports()" classname="day4.Day4KtTest" time="0.033"/>
  <system-out><![CDATA[]]></system-out>
  <system-err><![CDATA[]]></system-err>
</testsuite>
