<?xml version="1.0" encoding="UTF-8"?>
<testsuite name="day2.Day2KtTest" tests="3" skipped="0" failures="0" errors="0" timestamp="2020-12-04T08:58:45" hostname="SOLPF1BEWPS" time="0.032">
  <properties/>
  <testcase name="part2validatePassword()" classname="day2.Day2KtTest" time="0.017"/>
  <testcase name="parsePassword()" classname="day2.Day2KtTest" time="0.012"/>
  <testcase name="part1validatePassword()" classname="day2.Day2KtTest" time="0.001"/>
  <system-out><![CDATA[]]></system-out>
  <system-err><![CDATA[]]></system-err>
</testsuite>
