<?xml version="1.0" encoding="UTF-8"?>
<testsuite name="day19.Day19KtTest" tests="1" skipped="0" failures="0" errors="0" timestamp="2020-12-19T18:49:24" hostname="SOLPF1BEWPS" time="0.03">
  <properties/>
  <testcase name="part1()" classname="day19.Day19KtTest" time="0.03"/>
  <system-out><![CDATA[]]></system-out>
  <system-err><![CDATA[]]></system-err>
</testsuite>
