<?xml version="1.0" encoding="UTF-8"?>
<testsuite name="day15.Day15KtTest" tests="1" skipped="0" failures="0" errors="0" timestamp="2020-12-15T07:36:17" hostname="SOLPF1BEWPS" time="7.778">
  <properties/>
  <testcase name="part2()" classname="day15.Day15KtTest" time="7.778"/>
  <system-out><![CDATA[Turn: 1, spoken this turn: 0, diff for next turn:null
Turn: 2, spoken this turn: 3, diff for next turn:null
Turn: 3, spoken this turn: 6, diff for next turn:null
]]></system-out>
  <system-err><![CDATA[]]></system-err>
</testsuite>
