<?xml version="1.0" encoding="UTF-8"?>
<testsuite name="day7.Day7KtTest" tests="2" skipped="0" failures="0" errors="0" timestamp="2020-12-07T10:08:49" hostname="SOLPF1BEWPS" time="0.015">
  <properties/>
  <testcase name="part1()" classname="day7.Day7KtTest" time="0.01"/>
  <testcase name="part2()" classname="day7.Day7KtTest" time="0.003"/>
  <system-out><![CDATA[children: 0
children: 2
children: 6
children: 14
children: 30
children: 62
children: 126
]]></system-out>
  <system-err><![CDATA[]]></system-err>
</testsuite>
