<?xml version="1.0" encoding="UTF-8"?>
<testsuite name="day14.Day14KtTest" tests="1" skipped="0" failures="0" errors="0" timestamp="2020-12-14T08:32:47" hostname="SOLPF1BEWPS" time="0.021">
  <properties/>
  <testcase name="part2()" classname="day14.Day14KtTest" time="0.021"/>
  <system-out><![CDATA[value:  000000000000000000000000000000101010  (decimal 42)
mask:   000000000000000000000000000000X1001X
result: 000000000000000000000000000000111011  (decimal 59)
result: 000000000000000000000000000000111010  (decimal 58)
result: 000000000000000000000000000000011011  (decimal 27)
result: 000000000000000000000000000000011010  (decimal 26)

value:  000000000000000000000000000000011010  (decimal 26)
mask:   00000000000000000000000000000000X0XX
result: 000000000000000000000000000000011011  (decimal 27)
result: 000000000000000000000000000000011010  (decimal 26)
result: 000000000000000000000000000000011001  (decimal 25)
result: 000000000000000000000000000000011000  (decimal 24)
result: 000000000000000000000000000000010011  (decimal 19)
result: 000000000000000000000000000000010010  (decimal 18)
result: 000000000000000000000000000000010001  (decimal 17)
result: 000000000000000000000000000000010000  (decimal 16)

]]></system-out>
  <system-err><![CDATA[]]></system-err>
</testsuite>
