<?xml version="1.0" encoding="UTF-8"?>
<testsuite name="day3.Day3KtTest" tests="1" skipped="0" failures="0" errors="0" timestamp="2020-12-04T10:24:18" hostname="SOLPF1BEWPS" time="0.04">
  <properties/>
  <testcase name="calculateTreesHit()" classname="day3.Day3KtTest" time="0.04"/>
  <system-out><![CDATA[]]></system-out>
  <system-err><![CDATA[]]></system-err>
</testsuite>
